18:33:03 **** Incremental Build of configuration Debug for project led_clock ****
make -j8 all 
arm-none-eabi-gcc "../clockwise/Src/led.c" -mcpu=cortex-m4 -std=gnu11 -g3 -DDEBUG -DSTM32 -DSTM32F407G_DISC1 -DSTM32F4 -DSTM32F407VGTx -c -I../Inc -O0 -ffunction-sections -fdata-sections -Wall -fstack-usage -fcyclomatic-complexity -MMD -MP -MF"clockwise/Src/led.d" -MT"clockwise/Src/led.o" --specs=nano.specs -mfpu=fpv4-sp-d16 -mfloat-abi=soft -mthumb -o "clockwise/Src/led.o"
arm-none-eabi-gcc "../clockwise/Src/main.c" -mcpu=cortex-m4 -std=gnu11 -g3 -DDEBUG -DSTM32 -DSTM32F407G_DISC1 -DSTM32F4 -DSTM32F407VGTx -c -I../Inc -O0 -ffunction-sections -fdata-sections -Wall -fstack-usage -fcyclomatic-complexity -MMD -MP -MF"clockwise/Src/main.d" -MT"clockwise/Src/main.o" --specs=nano.specs -mfpu=fpv4-sp-d16 -mfloat-abi=soft -mthumb -o "clockwise/Src/main.o"
arm-none-eabi-gcc "../clockwise/Src/system_stm32f4xx.c" -mcpu=cortex-m4 -std=gnu11 -g3 -DDEBUG -DSTM32 -DSTM32F407G_DISC1 -DSTM32F4 -DSTM32F407VGTx -c -I../Inc -O0 -ffunction-sections -fdata-sections -Wall -fstack-usage -fcyclomatic-complexity -MMD -MP -MF"clockwise/Src/system_stm32f4xx.d" -MT"clockwise/Src/system_stm32f4xx.o" --specs=nano.specs -mfpu=fpv4-sp-d16 -mfloat-abi=soft -mthumb -o "clockwise/Src/system_stm32f4xx.o"
Error: Cannot find the specified linker script. Check the linker settings in the build configuration.
make: *** [makefile:91: fail-specified-linker-script-missing] Error 2
make: *** Waiting for unfinished jobs....
../clockwise/Src/led.c:8:9: fatal error: led.h: No such file or directory
    8 | #include"led.h"
      |         ^~~~~~~
compilation terminated.
../clockwise/Src/system_stm32f4xx.c:49:10: fatal error: stm32f4xx.h: No such file or directory
   49 | #include "stm32f4xx.h"
      |          ^~~~~~~~~~~~~
compilation terminated.
../clockwise/Src/main.c:21:10: fatal error: stm32f4xx.h: No such file or directory
   21 | #include "stm32f4xx.h"
      |          ^~~~~~~~~~~~~
compilation terminated.
make: *** [clockwise/Src/subdir.mk:34: clockwise/Src/system_stm32f4xx.o] Error 1
make: *** [clockwise/Src/subdir.mk:34: clockwise/Src/led.o] Error 1
make: *** [clockwise/Src/subdir.mk:34: clockwise/Src/main.o] Error 1
"make -j8 all" terminated with exit code 2. Build might be incomplete.

18:33:03 Build Failed. 9 errors, 0 warnings. (took 235ms)

